Start testing: Jul 18 18:46 EDT
----------------------------------------------------------
1/1 Testing: Runs
1/1 Test: Runs
Command: "/Users/janezou/Documents/GitHub/cmake-step5/Tutorial" "4096"
Directory: /Users/janezou/Documents/GitHub/cmake-step5
"Runs" start time: Jul 18 18:46 EDT
Output:
----------------------------------------------------------
Computing sqrt of 4096 to be 64 using log and exp
The square root of 4096 is 64
<end of output>
Test time =   0.00 sec
----------------------------------------------------------
Test Passed.
"Runs" end time: Jul 18 18:46 EDT
"Runs" time elapsed: 00:00:00
----------------------------------------------------------

End testing: Jul 18 18:46 EDT
